<?xml version="1.0" encoding="UTF-8" ?>
<testsuite errors="0" failures="0" hostname="DESKTOP-DR7V19O" name="testDir.testSecrets" tests="15" time="0.145" timestamp="2017-04-16T20:20:26">
  <properties>
[...]
</properties>
  <testcase classname="testDir.testSecrets" name="testOpenSecretWithOpenerAndNumber" time="0.002" />
  <testcase classname="testDir.testSecrets" name="testSetGiver" time="0.0" />
  <testcase classname="testDir.testSecrets" name="testToString" time="0.0" />
  <testcase classname="testDir.testSecrets" name="testSetThing" time="0.0" />
  <testcase classname="testDir.testSecrets" name="testCsize" time="0.0" />
  <testcase classname="testDir.testSecrets" name="testEquals" time="0.0" />
  <testcase classname="testDir.testSecrets" name="testSetHW" time="0.0" />
  <testcase classname="testDir.testSecrets" name="testGiver" time="0.0" />
  <testcase classname="testDir.testSecrets" name="testSetWS" time="0.0" />
  <testcase classname="testDir.testSecrets" name="testCgiver" time="0.0" />
  <testcase classname="testDir.testSecrets" name="testPod" time="0.001" />
  <testcase classname="testDir.testSecrets" name="testComp" time="0.0" />
  <testcase classname="testDir.testSecrets" name="testCthing" time="0.0" />
  <testcase classname="testDir.testSecrets" name="testCweight" time="0.0" />
  <testcase classname="testDir.testSecrets" name="testOpenSecretWithOpener" time="0.0" />
  <system-out><![CDATA[Vasya РѕС‚РєСЂС‹РІР°РµС‚ 5 РїРѕРґР°СЂРѕРє! 
Vasya РѕС‚РєСЂС‹РІР°РµС‚ РїРѕРґР°СЂРѕРє! 
]]></system-out>
  <system-err><![CDATA[]]></system-err>
</testsuite>
